<?xml version="1.0" encoding="UTF-8"?>
<!-- Generated by org.testng.reporters.JUnitReportReporter -->
<testsuite hostname="LAPTOP-VL28O11O" failures="0" tests="1" name="com.matchingnonmatchingelementsbothagents.test.EndToEndTest" time="2039.636" errors="0" timestamp="2021-08-05T10:05:42 IST" skipped="0">
  <testcase classname="com.matchingnonmatchingelementsbothagents.test.EndToEndTest" name="ExceptionalCaseTest" time="2039.636"/>
  <system-out/>
</testsuite> <!-- com.matchingnonmatchingelementsbothagents.test.EndToEndTest -->
