<?xml version="1.0" encoding="UTF-8"?>
<!-- Generated by org.testng.reporters.JUnitReportReporter -->
<testsuite hostname="LAPTOP-VL28O11O" failures="0" tests="1" name="com.matchingnonmatchingelementsbothagents.test.AppEndToEndTest" time="73.746" errors="0" timestamp="2021-08-13T12:44:26 IST" skipped="0">
  <testcase classname="com.matchingnonmatchingelementsbothagents.test.AppEndToEndTest" name="ApplicationExceptionalCaseTest" time="73.746"/>
  <system-out/>
</testsuite> <!-- com.matchingnonmatchingelementsbothagents.test.AppEndToEndTest -->
